[2013-07-25 16:01:45] START
[2013-07-25 16:28:42] EDIT SIRI_Time_Clock/views/default/index.html: 1
[2013-07-25 16:28:46] EDIT SIRI_Time_Clock/views/default/index.html: 0
[2013-07-25 16:28:50] EDIT SIRI_Time_Clock/views/default/index.html: 0
[2013-07-25 16:30:46] EDIT SIRI_Time_Clock/views/default/index.html: 0
[2013-07-27 01:12:29] EDIT SIRI_Time_Clock/models/db.py: 8
[2013-07-27 01:16:38] EDIT SIRI_Time_Clock/models/menu.py: 0
[2013-07-27 01:18:36] EDIT SIRI_Time_Clock/models/db.py: 0
[2013-07-27 01:22:32] EDIT SIRI_Time_Clock/models/db.py: 0
[2013-07-27 01:23:42] EDIT SIRI_Time_Clock/models/db.py: 0
[2013-07-27 01:23:46] EDIT SIRI_Time_Clock/models/db.py: 0
[2013-07-27 01:27:33] EDIT SIRI_Time_Clock/controllers/default.py: 4
[2013-07-27 02:13:27] EDIT SIRI_Time_Clock/controllers/default.py: 8
[2013-07-27 02:14:22] EDIT SIRI_Time_Clock/controllers/default.py: 0
[2013-07-27 02:15:27] EDIT SIRI_Time_Clock/controllers/default.py: 0
[2013-07-27 02:18:05] EDIT SIRI_Time_Clock/controllers/default.py: 1
[2013-07-27 02:18:08] EDIT SIRI_Time_Clock/controllers/default.py: 0
[2013-07-27 02:19:26] EDIT SIRI_Time_Clock/controllers/default.py: 1
[2013-07-27 02:19:29] EDIT SIRI_Time_Clock/controllers/default.py: 0
[2013-07-27 02:19:54] EDIT SIRI_Time_Clock/controllers/default.py: 0
[2013-07-27 02:20:08] EDIT SIRI_Time_Clock/controllers/default.py: 0
[2013-07-27 10:14:04] EDIT SIRI_Time_Clock/controllers/default.py: 0
[2013-07-27 10:14:41] EDIT SIRI_Time_Clock/controllers/default.py: 0
[2013-07-27 10:14:46] EDIT SIRI_Time_Clock/controllers/default.py: 0
[2013-07-27 10:15:38] EDIT SIRI_Time_Clock/controllers/default.py: 0
[2013-07-27 10:15:40] EDIT SIRI_Time_Clock/controllers/default.py: 0
[2013-07-27 10:16:32] EDIT SIRI_Time_Clock/controllers/default.py: 0
[2013-07-27 10:18:57] EDIT SIRI_Time_Clock/controllers/default.py: 0
[2013-07-27 10:19:26] EDIT SIRI_Time_Clock/controllers/default.py: 0
[2013-07-27 12:06:51] EDIT SIRI_Time_Clock/models/db.py: 0
[2013-07-27 12:07:45] EDIT SIRI_Time_Clock/controllers/default.py: 9
[2013-07-27 12:08:13] EDIT SIRI_Time_Clock/controllers/default.py: 0
[2013-07-27 12:08:36] EDIT SIRI_Time_Clock/controllers/default.py: 0
[2013-07-27 12:09:46] EDIT SIRI_Time_Clock/controllers/default.py: 0
[2013-07-27 12:12:25] EDIT SIRI_Time_Clock/controllers/default.py: 1
[2013-07-27 18:45:54] EDIT SIRI_Time_Clock/controllers/default.py: 0
[2013-07-27 18:47:58] EDIT SIRI_Time_Clock/controllers/default.py: 1
[2013-07-27 18:48:18] EDIT SIRI_Time_Clock/controllers/default.py: 0
[2013-07-27 21:53:05] EDIT SIRI_Time_Clock/controllers/default.py: 2
[2013-07-27 21:54:31] EDIT SIRI_Time_Clock/models/db.py: 0
[2013-07-27 21:55:23] EDIT SIRI_Time_Clock/models/db.py: 0
[2013-07-27 21:59:56] EDIT SIRI_Time_Clock/controllers/default.py: 0
[2013-07-27 22:00:47] EDIT SIRI_Time_Clock/controllers/default.py: 0
[2013-07-27 22:00:50] EDIT SIRI_Time_Clock/controllers/default.py: 0
[2013-07-27 22:07:03] EDIT SIRI_Time_Clock/controllers/default.py: 0
[2013-07-27 22:08:56] EDIT SIRI_Time_Clock/controllers/default.py: 0
[2013-07-27 22:08:59] EDIT SIRI_Time_Clock/controllers/default.py: 0
[2013-07-28 21:55:47] EDIT SIRI_Time_Clock/models/db.py: 1
[2013-07-28 21:56:02] EDIT SIRI_Time_Clock/controllers/default.py: 3
[2013-07-28 21:58:44] EDIT SIRI_Time_Clock/controllers/default.py: 4
[2013-07-28 22:11:47] CREATE addtime.html: 0
[2013-07-28 22:12:10] EDIT SIRI_Time_Clock/views/addtime.html: 0
[2013-07-28 22:17:42] EDIT SIRI_Time_Clock/views/addtime.html: 1
[2013-07-28 22:19:31] DELETE SIRI_Time_Clock/views/addtime.html: -4
[2013-07-28 22:19:52] CREATE default/addtime.html: 0
[2013-07-28 22:20:20] EDIT SIRI_Time_Clock/views/default/addtime.html: 0
[2013-07-28 22:20:57] EDIT SIRI_Time_Clock/views/default/addtime.html: 1
[2013-07-28 22:21:34] EDIT SIRI_Time_Clock/views/default/addtime.html: -1
[2013-07-28 22:21:55] EDIT SIRI_Time_Clock/views/default/addtime.html: 1
[2013-07-30 14:54:10] EDIT SIRI_Time_Clock/views/default/addtime.html: 0
[2013-07-30 17:02:16] EDIT SIRI_Time_Clock/models/db.py: 2
[2013-07-30 17:02:21] EDIT SIRI_Time_Clock/models/db.py: 0
[2013-07-30 17:03:04] EDIT SIRI_Time_Clock/models/db.py: 1
[2013-07-30 17:06:51] EDIT SIRI_Time_Clock/models/db.py: 0
[2013-07-30 17:08:25] EDIT SIRI_Time_Clock/models/db.py: 0
[2013-07-30 17:08:27] EDIT SIRI_Time_Clock/models/db.py: 0
[2013-07-30 20:28:36] EDIT SIRI_Time_Clock/models/db.py: 5
[2013-07-31 12:56:58] EDIT SIRI_Time_Clock/models/db.py: 0
[2013-07-31 12:58:24] EDIT SIRI_Time_Clock/models/db.py: 0
[2013-07-31 13:00:45] EDIT SIRI_Time_Clock/controllers/default.py: 3
[2013-07-31 20:46:03] EDIT SIRI_Time_Clock/ABOUT: 0
[2013-07-31 21:10:42] EDIT SIRI_Time_Clock/views/default/index.html: 0
[2013-07-31 21:11:39] EDIT SIRI_Time_Clock/views/default/index.html: 0
[2013-07-31 21:15:40] EDIT SIRI_Time_Clock/views/default/index.html: 1
[2013-07-31 21:17:04] EDIT SIRI_Time_Clock/views/default/index.html: 1
[2013-07-31 21:17:15] EDIT SIRI_Time_Clock/views/default/index.html: 0
[2013-07-31 21:17:50] EDIT SIRI_Time_Clock/views/default/index.html: 0
[2013-07-31 21:17:52] EDIT SIRI_Time_Clock/views/default/index.html: 0
[2013-07-31 21:18:20] EDIT SIRI_Time_Clock/views/default/index.html: 0
[2013-07-31 23:31:21] EDIT SIRI_Time_Clock/views/default/addtime.html: 1
[2013-07-31 23:31:51] EDIT SIRI_Time_Clock/views/default/addtime.html: -1
[2013-07-31 23:47:24] EDIT SIRI_Time_Clock/views/default/addtime.html: 1
[2013-08-01 08:19:28] EDIT SIRI_Time_Clock/models/db.py: 28
[2013-08-01 08:32:17] EDIT SIRI_Time_Clock/models/db.py: 1
[2013-08-01 08:32:28] EDIT SIRI_Time_Clock/controllers/default.py: 13
[2013-08-01 08:33:36] EDIT SIRI_Time_Clock/controllers/default.py: 0
[2013-08-01 08:34:38] EDIT SIRI_Time_Clock/models/db.py: 0
[2013-08-01 08:36:29] EDIT SIRI_Time_Clock/models/db.py: 0
[2013-08-01 08:37:03] EDIT SIRI_Time_Clock/models/db.py: 0
[2013-08-01 08:37:06] EDIT SIRI_Time_Clock/models/db.py: 0
[2013-08-01 08:41:13] EDIT SIRI_Time_Clock/controllers/default.py: -3
[2013-08-01 08:41:16] EDIT SIRI_Time_Clock/controllers/default.py: 0
[2013-08-01 08:41:17] EDIT SIRI_Time_Clock/controllers/default.py: 0
[2013-08-01 15:10:18] EDIT SIRI_Time_Clock/controllers/default.py: 0
[2013-08-01 15:13:48] EDIT SIRI_Time_Clock/controllers/default.py: 0
[2013-08-01 15:49:50] EDIT SIRI_Time_Clock/models/db.py: 1
[2013-08-01 15:49:52] EDIT SIRI_Time_Clock/models/db.py: 0
[2013-08-01 17:36:59] EDIT SIRI_Time_Clock/controllers/default.py: 13
[2013-08-01 17:37:11] EDIT SIRI_Time_Clock/models/db.py: 0
[2013-08-01 17:37:14] EDIT SIRI_Time_Clock/controllers/default.py: 0
[2013-08-01 17:37:17] EDIT SIRI_Time_Clock/controllers/default.py: 0
[2013-08-01 17:37:19] EDIT SIRI_Time_Clock/controllers/default.py: 0
[2013-08-01 17:38:09] EDIT SIRI_Time_Clock/controllers/default.py: 0
[2013-08-01 21:38:01] EDIT SIRI_Time_Clock/controllers/default.py: 9
[2013-08-01 21:38:25] EDIT SIRI_Time_Clock/controllers/default.py: 0
[2013-08-01 21:38:26] EDIT SIRI_Time_Clock/controllers/default.py: 0
[2013-08-01 21:38:49] EDIT SIRI_Time_Clock/controllers/default.py: 0
[2013-08-01 21:38:51] EDIT SIRI_Time_Clock/controllers/default.py: 0
[2013-08-01 21:39:27] EDIT SIRI_Time_Clock/controllers/default.py: 0
[2013-08-02 07:08:46] EDIT SIRI_Time_Clock/controllers/default.py: 0
[2013-08-02 16:02:20] EDIT SIRI_Time_Clock/controllers/default.py: 0
[2013-08-02 16:02:34] EDIT SIRI_Time_Clock/controllers/default.py: 0
[2013-08-02 16:08:16] EDIT SIRI_Time_Clock/controllers/default.py: 0
[2013-08-02 16:08:35] EDIT SIRI_Time_Clock/controllers/default.py: 0
[2013-08-02 16:29:02] EDIT SIRI_Time_Clock/models/db.py: 5
[2013-08-02 16:29:37] EDIT SIRI_Time_Clock/models/db.py: 1
[2013-08-02 16:30:26] EDIT SIRI_Time_Clock/models/db.py: -6
[2013-08-02 16:30:53] EDIT SIRI_Time_Clock/models/db.py: 1
[2013-08-02 16:32:27] EDIT SIRI_Time_Clock/models/db.py: 4
[2013-08-02 16:33:01] EDIT SIRI_Time_Clock/models/db.py: 1
[2013-08-02 16:33:32] EDIT SIRI_Time_Clock/models/db.py: 0
[2013-08-02 16:33:34] EDIT SIRI_Time_Clock/models/db.py: 0
[2013-08-02 16:34:04] EDIT SIRI_Time_Clock/controllers/default.py: 0
[2013-08-03 00:43:03] EDIT SIRI_Time_Clock/controllers/default.py: 3
[2013-08-03 00:43:05] EDIT SIRI_Time_Clock/controllers/default.py: 0
[2013-08-03 00:47:18] EDIT SIRI_Time_Clock/controllers/default.py: 1
[2013-08-03 00:47:19] EDIT SIRI_Time_Clock/controllers/default.py: 0
[2013-08-03 00:47:20] EDIT SIRI_Time_Clock/controllers/default.py: 0
[2013-08-03 00:49:12] EDIT SIRI_Time_Clock/controllers/default.py: 1
[2013-08-03 00:50:57] EDIT SIRI_Time_Clock/models/db.py: 0
[2013-08-03 00:51:01] EDIT SIRI_Time_Clock/models/db.py: 0
[2013-08-03 00:52:00] EDIT SIRI_Time_Clock/models/db.py: 0
[2013-08-06 16:41:27] EDIT SIRI_Time_Clock/models/db.py: 2
[2013-08-06 23:10:05] EDIT SIRI_Time_Clock/models/db.py: 1
[2013-08-06 23:10:37] EDIT SIRI_Time_Clock/models/db.py: 0
[2013-08-06 23:10:41] EDIT SIRI_Time_Clock/models/db.py: 0
[2013-08-06 23:11:12] EDIT SIRI_Time_Clock/models/db.py: 0
[2013-08-06 23:14:00] EDIT SIRI_Time_Clock/models/db.py: 0
[2013-08-06 23:15:07] EDIT SIRI_Time_Clock/models/db.py: 1
[2013-08-07 03:13:31] EDIT SIRI_Time_Clock/models/db.py: 0
[2013-08-07 03:13:33] EDIT SIRI_Time_Clock/models/db.py: 0
[2013-08-07 03:13:33] EDIT SIRI_Time_Clock/models/db.py: 0
[2013-08-07 03:15:40] EDIT SIRI_Time_Clock/models/db.py: -1
[2013-08-07 03:15:43] EDIT SIRI_Time_Clock/models/db.py: 0
[2013-08-07 03:25:09] EDIT SIRI_Time_Clock/views/default/addtime.html: 2
[2013-08-07 03:32:15] EDIT SIRI_Time_Clock/models/db.py: 1
[2013-08-07 03:32:16] EDIT SIRI_Time_Clock/models/db.py: 0
[2013-08-07 03:38:55] EDIT SIRI_Time_Clock/controllers/default.py: 1
[2013-08-07 03:39:16] EDIT SIRI_Time_Clock/controllers/default.py: -1
[2013-08-07 03:42:32] EDIT SIRI_Time_Clock/models/db.py: -1
[2013-08-07 03:50:45] EDIT SIRI_Time_Clock/controllers/default.py: 1
[2013-08-07 03:52:44] EDIT SIRI_Time_Clock/controllers/default.py: 0
[2013-08-07 03:52:46] EDIT SIRI_Time_Clock/controllers/default.py: 0
[2013-08-07 03:52:48] EDIT SIRI_Time_Clock/controllers/default.py: 0
[2013-08-07 11:18:36] EDIT SIRI_Time_Clock/controllers/default.py: 17
[2013-08-07 11:18:41] EDIT SIRI_Time_Clock/controllers/default.py: 0
[2013-08-07 11:18:43] EDIT SIRI_Time_Clock/controllers/default.py: 0
[2013-08-07 11:19:28] CREATE default/mainpage.html: 0
[2013-08-07 11:19:37] EDIT SIRI_Time_Clock/views/default/mainpage.html: 0
[2013-08-07 11:21:19] EDIT SIRI_Time_Clock/views/default/mainpage.html: 4
[2013-08-07 11:22:12] EDIT SIRI_Time_Clock/views/default/mainpage.html: -1
[2013-08-07 11:26:50] EDIT SIRI_Time_Clock/controllers/default.py: 0
[2013-08-07 11:37:52] EDIT SIRI_Time_Clock/views/default/mainpage.html: 8
[2013-08-07 11:38:26] EDIT SIRI_Time_Clock/views/default/mainpage.html: 1
[2013-08-07 11:40:39] EDIT SIRI_Time_Clock/views/default/mainpage.html: 0
[2013-08-07 11:45:11] EDIT SIRI_Time_Clock/views/default/mainpage.html: 0
[2013-08-07 11:45:34] EDIT SIRI_Time_Clock/views/default/mainpage.html: 0
[2013-08-07 11:46:44] EDIT SIRI_Time_Clock/views/default/mainpage.html: 0
[2013-08-07 11:48:18] EDIT SIRI_Time_Clock/views/default/mainpage.html: 0
[2013-08-07 11:48:41] EDIT SIRI_Time_Clock/views/default/mainpage.html: 0
[2013-08-07 11:48:58] EDIT SIRI_Time_Clock/views/default/mainpage.html: 0
[2013-08-07 11:49:15] EDIT SIRI_Time_Clock/views/default/mainpage.html: 0
[2013-08-07 11:49:41] EDIT SIRI_Time_Clock/views/default/mainpage.html: 0
[2013-08-07 11:54:05] EDIT SIRI_Time_Clock/views/default/mainpage.html: 16
[2013-08-09 17:13:14] EDIT SIRI_Time_Clock/views/default/mainpage.html: 0
[2013-08-09 17:14:50] EDIT SIRI_Time_Clock/views/default/mainpage.html: 0
[2013-08-09 17:59:47] EDIT SIRI_Time_Clock/models/db.py: 0
[2013-08-09 18:01:18] EDIT SIRI_Time_Clock/views/default/mainpage.html: 0
[2013-08-09 18:05:02] EDIT SIRI_Time_Clock/views/default/mainpage.html: 0
[2013-08-09 18:07:42] EDIT SIRI_Time_Clock/views/default/mainpage.html: 0
[2013-08-09 18:52:24] EDIT SIRI_Time_Clock/controllers/default.py: 6
[2013-08-09 18:52:46] EDIT SIRI_Time_Clock/views/default/mainpage.html: 0
[2013-08-09 18:55:00] EDIT SIRI_Time_Clock/controllers/default.py: 0
[2013-08-09 18:55:39] EDIT SIRI_Time_Clock/views/default/mainpage.html: 0
[2013-08-09 18:59:21] EDIT SIRI_Time_Clock/models/db.py: 2
[2013-08-09 19:00:18] EDIT SIRI_Time_Clock/models/db.py: 6
[2013-08-09 19:00:21] EDIT SIRI_Time_Clock/controllers/default.py: -6
[2013-08-09 19:01:22] EDIT SIRI_Time_Clock/models/db.py: 1
[2013-08-09 19:01:24] EDIT SIRI_Time_Clock/models/db.py: 0
[2013-08-09 19:02:18] EDIT SIRI_Time_Clock/models/db.py: 0
[2013-08-09 19:13:03] EDIT SIRI_Time_Clock/controllers/default.py: 6
[2013-08-09 19:14:05] EDIT SIRI_Time_Clock/controllers/default.py: 1
[2013-08-09 19:15:10] EDIT SIRI_Time_Clock/controllers/default.py: -6
[2013-08-09 19:15:16] EDIT SIRI_Time_Clock/controllers/default.py: 0
[2013-08-09 19:16:19] EDIT SIRI_Time_Clock/models/db.py: -8
[2013-08-09 19:16:20] EDIT SIRI_Time_Clock/models/db.py: 0
[2013-08-09 19:16:21] EDIT SIRI_Time_Clock/models/db.py: 0
[2013-08-09 20:00:06] EDIT SIRI_Time_Clock/views/default/mainpage.html: 0
[2013-08-09 20:04:08] EDIT SIRI_Time_Clock/controllers/default.py: 0
[2013-08-09 20:05:48] EDIT SIRI_Time_Clock/controllers/default.py: 0
[2013-08-09 20:08:40] EDIT SIRI_Time_Clock/controllers/default.py: 0
[2013-08-09 22:02:19] EDIT SIRI_Time_Clock/controllers/default.py: 0
[2013-08-09 22:03:45] EDIT SIRI_Time_Clock/controllers/default.py: 6
[2013-08-09 22:03:46] EDIT SIRI_Time_Clock/controllers/default.py: 0
[2013-08-09 22:10:53] EDIT SIRI_Time_Clock/controllers/default.py: 1
[2013-08-09 22:18:04] EDIT SIRI_Time_Clock/controllers/default.py: 0
[2013-08-09 22:18:05] EDIT SIRI_Time_Clock/controllers/default.py: 0
[2013-08-09 22:18:08] EDIT SIRI_Time_Clock/models/db.py: 0
[2013-08-09 22:20:23] EDIT SIRI_Time_Clock/controllers/default.py: 1
[2013-08-09 22:20:25] EDIT SIRI_Time_Clock/controllers/default.py: 0
[2013-08-09 22:21:15] EDIT SIRI_Time_Clock/controllers/default.py: -1
[2013-08-09 22:22:43] EDIT SIRI_Time_Clock/controllers/default.py: 0
[2013-08-09 22:22:46] EDIT SIRI_Time_Clock/controllers/default.py: 0
[2013-08-09 22:23:45] EDIT SIRI_Time_Clock/controllers/default.py: 0
[2013-08-09 22:24:47] EDIT SIRI_Time_Clock/controllers/default.py: 0
[2013-08-09 22:27:25] EDIT SIRI_Time_Clock/controllers/default.py: 2
[2013-08-09 22:30:16] EDIT SIRI_Time_Clock/controllers/default.py: 0
[2013-08-09 22:33:54] EDIT SIRI_Time_Clock/controllers/default.py: -7
[2013-08-09 22:36:30] EDIT SIRI_Time_Clock/controllers/default.py: 3
[2013-08-09 22:40:39] EDIT SIRI_Time_Clock/models/db.py: 0
[2013-08-09 22:50:05] EDIT SIRI_Time_Clock/controllers/default.py: 1
[2013-08-09 22:50:07] EDIT SIRI_Time_Clock/controllers/default.py: 0
[2013-08-09 22:51:52] EDIT SIRI_Time_Clock/controllers/default.py: 0
[2013-08-12 05:42:26] EDIT SIRI_Time_Clock/controllers/default.py: -1
[2013-08-12 05:50:02] EDIT SIRI_Time_Clock/controllers/default.py: 1
[2013-08-12 05:50:04] EDIT SIRI_Time_Clock/controllers/default.py: 0
[2013-08-12 05:50:44] EDIT SIRI_Time_Clock/controllers/default.py: -1
[2013-08-12 05:50:45] EDIT SIRI_Time_Clock/controllers/default.py: 0
[2013-08-13 17:14:12] EDIT SIRI_Time_Clock/controllers/default.py: -1
[2013-08-13 22:12:27] EDIT SIRI_Time_Clock/controllers/default.py: -1
[2013-08-13 22:13:16] EDIT SIRI_Time_Clock/controllers/default.py: 0
[2013-08-13 22:59:21] EDIT SIRI_Time_Clock/controllers/default.py: 1
[2013-08-13 23:02:11] EDIT SIRI_Time_Clock/controllers/default.py: 0
[2013-08-14 04:19:51] EDIT SIRI_Time_Clock/controllers/default.py: 0
[2013-08-14 04:39:20] EDIT SIRI_Time_Clock/models/db.py: 6
[2013-08-14 04:40:35] EDIT SIRI_Time_Clock/models/db.py: 0
[2013-08-14 04:41:07] EDIT SIRI_Time_Clock/models/db.py: 0
[2013-08-14 04:41:08] EDIT SIRI_Time_Clock/models/db.py: 0
[2013-08-14 04:49:31] EDIT SIRI_Time_Clock/controllers/default.py: 3
[2013-08-14 04:51:00] EDIT SIRI_Time_Clock/controllers/default.py: 2
[2013-08-14 04:51:10] EDIT SIRI_Time_Clock/controllers/default.py: 0
[2013-08-14 04:53:43] EDIT SIRI_Time_Clock/controllers/default.py: 4
[2013-08-14 04:53:44] EDIT SIRI_Time_Clock/controllers/default.py: 0
[2013-08-14 04:54:14] EDIT SIRI_Time_Clock/controllers/default.py: 1
[2013-08-14 04:54:20] EDIT SIRI_Time_Clock/controllers/default.py: 0
[2013-08-14 04:54:53] CREATE default/clockadmin.html: 0
[2013-08-14 04:55:39] EDIT SIRI_Time_Clock/views/default/clockadmin.html: 1
[2013-08-14 04:59:05] EDIT SIRI_Time_Clock/controllers/default.py: 0
[2013-08-14 04:59:08] EDIT SIRI_Time_Clock/controllers/default.py: 0
[2013-08-14 04:59:47] CREATE defaul/managprojects.html: 0
[2013-08-14 05:00:02] EDIT SIRI_Time_Clock/views/defaul/managprojects.html: 1
[2013-08-14 05:01:11] DELETE SIRI_Time_Clock/views/defaul/managprojects.html: -4
[2013-08-14 05:01:33] CREATE default/manageprojects.html: 0
[2013-08-14 05:01:44] EDIT SIRI_Time_Clock/views/default/manageprojects.html: 1
[2013-08-14 05:03:01] EDIT SIRI_Time_Clock/views/default/manageprojects.html: 0
[2013-08-14 05:03:30] EDIT SIRI_Time_Clock/controllers/default.py: 1
[2013-08-14 05:03:55] EDIT SIRI_Time_Clock/controllers/default.py: 0
[2013-08-14 05:04:54] EDIT SIRI_Time_Clock/controllers/default.py: 0
[2013-08-14 05:04:57] EDIT SIRI_Time_Clock/controllers/default.py: 0
[2013-08-14 05:04:58] EDIT SIRI_Time_Clock/controllers/default.py: 0
[2013-08-14 05:06:44] EDIT SIRI_Time_Clock/controllers/default.py: 6
[2013-08-14 05:12:16] EDIT SIRI_Time_Clock/controllers/default.py: 0
[2013-08-14 05:12:17] EDIT SIRI_Time_Clock/controllers/default.py: 0
[2013-08-14 05:12:20] EDIT SIRI_Time_Clock/controllers/default.py: 0
[2013-08-14 05:12:49] EDIT SIRI_Time_Clock/views/default/clockadmin.html: -1
[2013-08-14 05:13:23] CREATE manageusers.html: 0
[2013-08-14 05:13:37] EDIT SIRI_Time_Clock/views/manageusers.html: 0
[2013-08-14 05:14:51] EDIT SIRI_Time_Clock/controllers/default.py: 0
[2013-08-14 05:16:19] EDIT SIRI_Time_Clock/controllers/default.py: 0
[2013-08-14 05:17:04] DELETE SIRI_Time_Clock/views/manageusers.html: -3
[2013-08-14 05:17:16] CREATE default/manageusers.html: 0
[2013-08-14 05:17:24] EDIT SIRI_Time_Clock/views/default/manageusers.html: 0
[2013-08-14 05:19:45] EDIT SIRI_Time_Clock/controllers/default.py: 3
[2013-08-15 05:28:07] EDIT SIRI_Time_Clock/models/db.py: 0
[2013-08-15 05:37:42] EDIT SIRI_Time_Clock/controllers/default.py: 0
[2013-08-15 05:39:46] EDIT SIRI_Time_Clock/models/db.py: -1
[2013-08-15 05:41:27] EDIT SIRI_Time_Clock/models/db.py: 1
[2013-08-15 05:47:19] EDIT SIRI_Time_Clock/models/db.py: 0
[2013-08-15 05:47:20] EDIT SIRI_Time_Clock/models/db.py: 0
[2013-08-15 05:58:26] EDIT SIRI_Time_Clock/controllers/default.py: 3
[2013-08-15 05:58:59] EDIT SIRI_Time_Clock/controllers/default.py: 0
[2013-08-15 06:00:10] EDIT SIRI_Time_Clock/views/default/clockadmin.html: 3
[2013-08-15 06:03:02] EDIT SIRI_Time_Clock/views/default/clockadmin.html: 1
[2013-08-15 06:03:40] EDIT SIRI_Time_Clock/views/default/clockadmin.html: 0
[2013-08-15 06:04:08] EDIT SIRI_Time_Clock/views/default/clockadmin.html: 0
[2013-08-15 06:06:23] EDIT SIRI_Time_Clock/views/default/clockadmin.html: 0
[2013-08-15 06:07:05] EDIT SIRI_Time_Clock/views/default/clockadmin.html: 0
[2013-08-15 16:15:27] EDIT SIRI_Time_Clock/views/default/clockadmin.html: 5
[2013-08-15 16:16:07] EDIT SIRI_Time_Clock/views/default/clockadmin.html: 0
[2013-08-16 03:40:47] EDIT SIRI_Time_Clock/views/default/clockadmin.html: 1
[2013-08-16 03:42:01] EDIT SIRI_Time_Clock/views/default/clockadmin.html: 0
[2013-08-16 03:44:33] EDIT SIRI_Time_Clock/views/default/clockadmin.html: 0
[2013-08-16 03:45:54] EDIT SIRI_Time_Clock/views/default/manageusers.html: -2
[2013-08-16 03:46:13] EDIT SIRI_Time_Clock/views/default/clockadmin.html: 0
[2013-08-16 03:46:16] EDIT SIRI_Time_Clock/views/default/clockadmin.html: 0
[2013-08-16 03:46:17] EDIT SIRI_Time_Clock/views/default/clockadmin.html: 0
[2013-08-16 03:46:40] EDIT SIRI_Time_Clock/views/default/clockadmin.html: 0
[2013-08-16 03:47:26] EDIT SIRI_Time_Clock/views/default/manageusers.html: 2
[2013-08-16 03:47:55] EDIT SIRI_Time_Clock/views/default/clockadmin.html: 0
[2013-08-16 03:47:57] EDIT SIRI_Time_Clock/views/default/clockadmin.html: 0
[2013-08-16 03:49:50] EDIT SIRI_Time_Clock/views/default/clockadmin.html: 0
[2013-08-16 03:49:51] EDIT SIRI_Time_Clock/views/default/clockadmin.html: 0
[2013-08-16 03:50:32] EDIT SIRI_Time_Clock/views/default/clockadmin.html: 0
[2013-08-16 03:50:34] EDIT SIRI_Time_Clock/views/default/clockadmin.html: 0
[2013-08-16 03:50:34] EDIT SIRI_Time_Clock/views/default/clockadmin.html: 0
[2013-08-16 03:51:09] EDIT SIRI_Time_Clock/views/default/clockadmin.html: 0
[2013-08-16 03:52:16] EDIT SIRI_Time_Clock/views/default/clockadmin.html: 0
[2013-08-16 03:52:39] EDIT SIRI_Time_Clock/views/default/clockadmin.html: 0
[2013-08-16 03:54:56] EDIT SIRI_Time_Clock/views/default/clockadmin.html: 0
[2013-08-16 03:55:14] EDIT SIRI_Time_Clock/views/default/clockadmin.html: 0
[2013-08-16 03:56:03] EDIT SIRI_Time_Clock/views/default/clockadmin.html: 0
[2013-08-16 03:57:01] EDIT SIRI_Time_Clock/views/default/clockadmin.html: 0
[2013-08-17 04:30:15] EDIT SIRI_Time_Clock/views/default/clockadmin.html: 3
[2013-08-17 04:34:13] EDIT SIRI_Time_Clock/views/default/clockadmin.html: 12
[2013-08-17 04:34:14] EDIT SIRI_Time_Clock/views/default/clockadmin.html: 0
[2013-08-17 04:34:54] EDIT SIRI_Time_Clock/views/default/clockadmin.html: 0
[2013-08-17 04:35:41] EDIT SIRI_Time_Clock/views/default/clockadmin.html: 0
[2013-08-17 04:43:01] EDIT SIRI_Time_Clock/views/default/clockadmin.html: 0
[2013-08-17 04:43:06] EDIT SIRI_Time_Clock/views/default/clockadmin.html: 0
[2013-08-17 04:43:07] EDIT SIRI_Time_Clock/views/default/clockadmin.html: 0
[2013-08-17 04:43:08] EDIT SIRI_Time_Clock/views/default/clockadmin.html: 0
[2013-08-17 04:43:53] EDIT SIRI_Time_Clock/views/default/clockadmin.html: -1
[2013-08-17 04:43:54] EDIT SIRI_Time_Clock/views/default/clockadmin.html: 0
[2013-08-17 04:45:13] EDIT SIRI_Time_Clock/views/default/clockadmin.html: 0
[2013-08-17 04:46:35] EDIT SIRI_Time_Clock/models/db.py: 0
[2013-08-17 04:48:48] EDIT SIRI_Time_Clock/models/db.py: 1
[2013-08-17 04:48:50] EDIT SIRI_Time_Clock/models/db.py: 0
[2013-08-17 04:48:51] EDIT SIRI_Time_Clock/models/db.py: 0
[2013-08-17 04:53:47] EDIT SIRI_Time_Clock/views/default/clockadmin.html: 10
[2013-08-17 04:54:24] EDIT SIRI_Time_Clock/views/default/clockadmin.html: 0
[2013-08-17 04:57:16] EDIT SIRI_Time_Clock/controllers/default.py: 10
[2013-08-17 04:58:09] CREATE default/editproject.html: 0
[2013-08-17 04:58:39] EDIT SIRI_Time_Clock/views/default/editproject.html: 1
[2013-08-17 09:17:38] CREATE default/fsshowstudents.html: 0
[2013-08-17 09:17:59] EDIT SIRI_Time_Clock/views/default/fsshowstudents.html: 1
[2013-08-17 09:21:09] EDIT SIRI_Time_Clock/views/default/clockadmin.html: 0
[2013-08-17 09:22:22] EDIT SIRI_Time_Clock/views/default/clockadmin.html: 2
[2013-08-17 09:22:24] EDIT SIRI_Time_Clock/views/default/clockadmin.html: 0
[2013-08-17 09:29:22] EDIT SIRI_Time_Clock/views/default/clockadmin.html: 0
[2013-08-17 09:29:25] EDIT SIRI_Time_Clock/views/default/clockadmin.html: 0
[2013-08-17 09:29:51] EDIT SIRI_Time_Clock/controllers/default.py: 0
[2013-08-17 09:30:34] EDIT SIRI_Time_Clock/controllers/default.py: 0
[2013-08-17 09:34:40] EDIT SIRI_Time_Clock/views/default/manageprojects.html: 25
[2013-08-17 09:35:12] EDIT SIRI_Time_Clock/controllers/default.py: 0
